\BOOKMARK [1][]{section.1}{1 D\351couper du code}{}% 1
\BOOKMARK [2][]{subsection.1.1}{1.1 D\351couper du code : modules ou m\351thodes}{section.1}% 2
\BOOKMARK [1][]{section.2}{2 Passage de param\350tres}{}% 3
\BOOKMARK [2][]{subsection.2.1}{2.1 Module}{section.2}% 4
\BOOKMARK [2][]{subsection.2.2}{2.2 Appel de module}{section.2}% 5
\BOOKMARK [1][]{section.3}{3 Module renvoyant une valeur}{}% 6
\BOOKMARK [2][]{subsection.3.1}{3.1 En algo}{section.3}% 7
\BOOKMARK [1][]{section.4}{4 M\351thodes et appel de m\351thodes}{}% 8
\BOOKMARK [2][]{subsection.4.1}{4.1 M\351thode}{section.4}% 9
\BOOKMARK [2][]{subsection.4.2}{4.2 Appel de m\351thode}{section.4}% 10
\BOOKMARK [2][]{subsection.4.3}{4.3 Exemples}{section.4}% 11
\BOOKMARK [1][]{section.5}{5 Erreur ou Exception}{}% 12
\BOOKMARK [2][]{subsection.5.1}{5.1 Erreur}{section.5}% 13
\BOOKMARK [2][]{subsection.5.2}{5.2 Lancer une exception}{section.5}% 14
\BOOKMARK [1][]{section.6}{6 Commenter une m\351thode}{}% 15
\BOOKMARK [2][]{subsection.6.1}{6.1 Commenter une m\351thode}{section.6}% 16
\BOOKMARK [2][]{subsection.6.2}{6.2 Un exemple complet}{section.6}% 17
\BOOKMARK [1][]{section.7}{7 Exercices}{}% 18
\BOOKMARK [2][]{subsection.7.1}{7.1 Compr\351hension d'algorithme}{section.7}% 19
\BOOKMARK [2][]{subsection.7.2}{7.2 Compr\351hension de codes Java}{section.7}% 20
\BOOKMARK [2][]{subsection.7.3}{7.3 \300 vous de jouer...}{section.7}% 21
