\BOOKMARK [1][]{section.1}{1 Les commandes de base de Linux}{}% 1
\BOOKMARK [2][]{subsection.1.1}{1.1 Les commandes de base}{section.1}% 2
\BOOKMARK [2][]{subsection.1.2}{1.2 Les options dans la ligne de commande.}{section.1}% 3
\BOOKMARK [2][]{subsection.1.3}{1.3 Quelques commandes courantes}{section.1}% 4
\BOOKMARK [2][]{subsection.1.4}{1.4 Ressources}{section.1}% 5
\BOOKMARK [1][]{section.2}{2 Syst\350me de fichiers, chemin absolu et relatif}{}% 6
\BOOKMARK [2][]{subsection.2.1}{2.1 Le syst\350me de fichiers}{section.2}% 7
\BOOKMARK [2][]{subsection.2.2}{2.2 Chemin relatif}{section.2}% 8
\BOOKMARK [2][]{subsection.2.3}{2.3 Chemin absolu}{section.2}% 9
\BOOKMARK [2][]{subsection.2.4}{2.4 Exercices}{section.2}% 10
\BOOKMARK [1][]{section.3}{3 La ligne de commande}{}% 11
\BOOKMARK [2][]{subsection.3.1}{3.1 La ligne de commande}{section.3}% 12
\BOOKMARK [1][]{section.4}{4 Les permissions}{}% 13
\BOOKMARK [2][]{subsection.4.1}{4.1 Les groupes d'un utilisateur}{section.4}% 14
\BOOKMARK [2][]{subsection.4.2}{4.2 Propri\351taire et groupe d'un fichier}{section.4}% 15
\BOOKMARK [2][]{subsection.4.3}{4.3 Les permissions}{section.4}% 16
\BOOKMARK [1][]{section.5}{5 Compter \(wc\)}{}% 17
\BOOKMARK [2][]{subsection.5.1}{5.1 Compter \(wc\)}{section.5}% 18
\BOOKMARK [1][]{section.6}{6 Recherche dans des fichiers \(grep\)}{}% 19
\BOOKMARK [2][]{subsection.6.1}{6.1 Recherche dans des fichiers \(grep\)}{section.6}% 20
\BOOKMARK [1][]{section.7}{7 Recherche de fichier \(find\)}{}% 21
\BOOKMARK [2][]{subsection.7.1}{7.1 Recherche de fichier \(find\)}{section.7}% 22
\BOOKMARK [1][]{section.8}{8 Redirections}{}% 23
\BOOKMARK [2][]{subsection.8.1}{8.1 Entr\351es et sorties standards}{section.8}% 24
\BOOKMARK [2][]{subsection.8.2}{8.2 Rediriger la sortie}{section.8}% 25
\BOOKMARK [2][]{subsection.8.3}{8.3 Rediriger l'entr\351e}{section.8}% 26
\BOOKMARK [2][]{subsection.8.4}{8.4 Les tubes \(pipes en anglais\)}{section.8}% 27
\BOOKMARK [2][]{subsection.8.5}{8.5 Rediriger les erreurs}{section.8}% 28
\BOOKMARK [1][]{section.9}{9 Les filtres Linux}{}% 29
\BOOKMARK [2][]{subsection.9.1}{9.1 Les filtres Linux}{section.9}% 30
\BOOKMARK [1][]{section.10}{10 Transfert de fichiers}{}% 31
\BOOKMARK [2][]{subsection.10.1}{10.1 Transfert de fichiers}{section.10}% 32
\BOOKMARK [1][]{section.11}{11 Gestion des processus}{}% 33
\BOOKMARK [2][]{subsection.11.1}{11.1 Gestion des processus}{section.11}% 34
\BOOKMARK [1][]{section.12}{12 Conclusion}{}% 35
\BOOKMARK [2][]{subsection.12.1}{12.1 F\351licitations}{section.12}% 36
